<?xml version="1.0" encoding="UTF-8"?>
<testng-results ignored="1" total="2" passed="1" failed="0" skipped="0">
  <reporter-output>
  </reporter-output>
  <suite started-at="2022-05-21T09:38:43 IST" name="Default suite" finished-at="2022-05-21T09:39:16 IST" duration-ms="33087">
    <groups>
    </groups>
    <test started-at="2022-05-21T09:38:43 IST" name="Default test" finished-at="2022-05-21T09:39:16 IST" duration-ms="33087">
      <class name="org.selenium.MyFirstTestCase">
        <test-method is-config="true" signature="startDriver()[pri:0, instance:org.selenium.MyFirstTestCase@20ccf40b]" started-at="2022-05-21T09:38:43 IST" name="startDriver" finished-at="2022-05-21T09:38:47 IST" duration-ms="3952" status="PASS">
          <reporter-output>
          </reporter-output>
        </test-method> <!-- startDriver -->
        <test-method signature="loginAndCheckoutUsingDirectBankTransfer()[pri:0, instance:org.selenium.MyFirstTestCase@20ccf40b]" started-at="2022-05-21T09:38:47 IST" name="loginAndCheckoutUsingDirectBankTransfer" finished-at="2022-05-21T09:39:16 IST" duration-ms="28809" status="PASS">
          <reporter-output>
          </reporter-output>
        </test-method> <!-- loginAndCheckoutUsingDirectBankTransfer -->
        <test-method is-config="true" signature="quitDriver()[pri:0, instance:org.selenium.MyFirstTestCase@20ccf40b]" started-at="2022-05-21T09:39:16 IST" name="quitDriver" finished-at="2022-05-21T09:39:16 IST" duration-ms="261" status="PASS">
          <reporter-output>
          </reporter-output>
        </test-method> <!-- quitDriver -->
      </class> <!-- org.selenium.MyFirstTestCase -->
    </test> <!-- Default test -->
  </suite> <!-- Default suite -->
</testng-results>
