<?xml version="1.0" encoding="UTF-8"?>
<!-- Generated by org.testng.reporters.JUnitXMLReporter -->
<testsuite ignored="0" hostname="DESKTOP-5MGC367" failures="0" tests="2" name="Default test" time="51.877" errors="0" timestamp="2022-05-22T08:13:29 IST">
  <testcase classname="org.selenium.MyFirstTestCase" name="guestCheckoutUsingDirectBankTransfer" time="15.596"/>
  <testcase classname="org.selenium.MyFirstTestCase" name="loginAndCheckoutUsingDirectBankTransfer" time="30.625"/>
</testsuite> <!-- Default test -->
