<?xml version="1.0" encoding="UTF-8"?>
<!-- Generated by org.testng.reporters.JUnitXMLReporter -->
<testsuite ignored="1" hostname="DESKTOP-5MGC367" failures="0" tests="1" name="Default test" time="75.315" errors="0" timestamp="2022-05-21T18:13:43 IST">
  <testcase classname="org.selenium.MyFirstTestCase" name="loginAndCheckoutUsingDirectBankTransfer" time="69.755"/>
  <testcase classname="org.selenium.MyFirstTestCase" name="guestCheckoutUsingDirectBankTransfer" time="0.0">
    <ignored/>
  </testcase> <!-- guestCheckoutUsingDirectBankTransfer -->
</testsuite> <!-- Default test -->
