<?xml version="1.0" encoding="UTF-8"?>
<!-- Generated by org.testng.reporters.JUnitXMLReporter -->
<testsuite ignored="0" hostname="DESKTOP-5MGC367" failures="0" tests="2" name="Surefire test" time="35.879" errors="0" timestamp="2022-06-07T06:59:41 IST">
  <testcase classname="org.selenium.pom.tests.MyFirstTestCaseTest" name="guestCheckoutUsingDirectBankTransfer" time="15.0"/>
  <testcase classname="org.selenium.pom.tests.MyFirstTestCaseTest" name="loginAndCheckoutUsingDirectBankTransfer" time="30.546"/>
</testsuite> <!-- Surefire test -->
