<?xml version="1.0" encoding="UTF-8"?>
<testng-results ignored="0" total="2" passed="2" failed="0" skipped="0">
  <reporter-output>
  </reporter-output>
  <suite started-at="2022-06-07T06:59:05 IST" name="Surefire suite" finished-at="2022-06-07T06:59:41 IST" duration-ms="35879">
    <groups>
    </groups>
    <test started-at="2022-06-07T06:59:05 IST" name="Surefire test" finished-at="2022-06-07T06:59:41 IST" duration-ms="35879">
      <class name="org.selenium.pom.tests.MyFirstTestCaseTest">
        <test-method is-config="true" signature="startDriver(java.lang.String)[pri:0, instance:org.selenium.pom.tests.MyFirstTestCaseTest@186f8716]" started-at="2022-06-07T06:59:05 IST" name="startDriver" finished-at="2022-06-07T06:59:10 IST" duration-ms="4588" status="PASS">
          <params>
            <param index="0">
              <value>
                <![CDATA[CHROME]]>
              </value>
            </param>
          </params>
          <reporter-output>
          </reporter-output>
        </test-method> <!-- startDriver -->
        <test-method is-config="true" signature="startDriver(java.lang.String)[pri:0, instance:org.selenium.pom.tests.MyFirstTestCaseTest@186f8716]" started-at="2022-06-07T06:59:05 IST" name="startDriver" finished-at="2022-06-07T06:59:10 IST" duration-ms="4583" status="PASS">
          <params>
            <param index="0">
              <value>
                <![CDATA[CHROME]]>
              </value>
            </param>
          </params>
          <reporter-output>
          </reporter-output>
        </test-method> <!-- startDriver -->
        <test-method signature="loginAndCheckoutUsingDirectBankTransfer()[pri:0, instance:org.selenium.pom.tests.MyFirstTestCaseTest@186f8716]" started-at="2022-06-07T06:59:10 IST" name="loginAndCheckoutUsingDirectBankTransfer" finished-at="2022-06-07T06:59:40 IST" duration-ms="30546" status="PASS">
          <reporter-output>
          </reporter-output>
        </test-method> <!-- loginAndCheckoutUsingDirectBankTransfer -->
        <test-method signature="guestCheckoutUsingDirectBankTransfer()[pri:0, instance:org.selenium.pom.tests.MyFirstTestCaseTest@186f8716]" started-at="2022-06-07T06:59:10 IST" name="guestCheckoutUsingDirectBankTransfer" finished-at="2022-06-07T06:59:25 IST" duration-ms="15000" status="PASS">
          <reporter-output>
          </reporter-output>
        </test-method> <!-- guestCheckoutUsingDirectBankTransfer -->
        <test-method is-config="true" signature="quitDriver()[pri:0, instance:org.selenium.pom.tests.MyFirstTestCaseTest@186f8716]" started-at="2022-06-07T06:59:25 IST" name="quitDriver" finished-at="2022-06-07T06:59:25 IST" duration-ms="772" status="PASS">
          <reporter-output>
          </reporter-output>
        </test-method> <!-- quitDriver -->
        <test-method is-config="true" signature="quitDriver()[pri:0, instance:org.selenium.pom.tests.MyFirstTestCaseTest@186f8716]" started-at="2022-06-07T06:59:40 IST" name="quitDriver" finished-at="2022-06-07T06:59:41 IST" duration-ms="700" status="PASS">
          <reporter-output>
          </reporter-output>
        </test-method> <!-- quitDriver -->
      </class> <!-- org.selenium.pom.tests.MyFirstTestCaseTest -->
    </test> <!-- Surefire test -->
  </suite> <!-- Surefire suite -->
</testng-results>
