<?xml version="1.0" encoding="UTF-8"?>
<testng-results ignored="0" total="2" passed="2" failed="0" skipped="0">
  <reporter-output>
  </reporter-output>
  <suite started-at="2022-05-22T15:25:13 IST" name="Surefire suite" finished-at="2022-05-22T15:27:06 IST" duration-ms="112977">
    <groups>
    </groups>
    <test started-at="2022-05-22T15:25:13 IST" name="Surefire test" finished-at="2022-05-22T15:27:06 IST" duration-ms="112977">
      <class name="org.selenium.pom.tests.MyFirstTestCaseTest">
        <test-method is-config="true" signature="startDriver()[pri:0, instance:org.selenium.pom.tests.MyFirstTestCaseTest@4470f8a6]" started-at="2022-05-22T15:25:13 IST" name="startDriver" finished-at="2022-05-22T15:25:17 IST" duration-ms="3955" status="PASS">
          <reporter-output>
          </reporter-output>
        </test-method> <!-- startDriver -->
        <test-method signature="guestCheckoutUsingDirectBankTransfer()[pri:0, instance:org.selenium.pom.tests.MyFirstTestCaseTest@4470f8a6]" started-at="2022-05-22T15:25:17 IST" name="guestCheckoutUsingDirectBankTransfer" finished-at="2022-05-22T15:25:58 IST" duration-ms="40150" status="PASS">
          <reporter-output>
          </reporter-output>
        </test-method> <!-- guestCheckoutUsingDirectBankTransfer -->
        <test-method is-config="true" signature="quitDriver()[pri:0, instance:org.selenium.pom.tests.MyFirstTestCaseTest@4470f8a6]" started-at="2022-05-22T15:25:58 IST" name="quitDriver" finished-at="2022-05-22T15:25:58 IST" duration-ms="748" status="PASS">
          <reporter-output>
          </reporter-output>
        </test-method> <!-- quitDriver -->
        <test-method is-config="true" signature="startDriver()[pri:0, instance:org.selenium.pom.tests.MyFirstTestCaseTest@4470f8a6]" started-at="2022-05-22T15:25:58 IST" name="startDriver" finished-at="2022-05-22T15:26:00 IST" duration-ms="1670" status="PASS">
          <reporter-output>
          </reporter-output>
        </test-method> <!-- startDriver -->
        <test-method signature="loginAndCheckoutUsingDirectBankTransfer()[pri:0, instance:org.selenium.pom.tests.MyFirstTestCaseTest@4470f8a6]" started-at="2022-05-22T15:26:00 IST" name="loginAndCheckoutUsingDirectBankTransfer" finished-at="2022-05-22T15:27:06 IST" duration-ms="65633" status="PASS">
          <reporter-output>
          </reporter-output>
        </test-method> <!-- loginAndCheckoutUsingDirectBankTransfer -->
        <test-method is-config="true" signature="quitDriver()[pri:0, instance:org.selenium.pom.tests.MyFirstTestCaseTest@4470f8a6]" started-at="2022-05-22T15:27:06 IST" name="quitDriver" finished-at="2022-05-22T15:27:06 IST" duration-ms="764" status="PASS">
          <reporter-output>
          </reporter-output>
        </test-method> <!-- quitDriver -->
      </class> <!-- org.selenium.pom.tests.MyFirstTestCaseTest -->
    </test> <!-- Surefire test -->
  </suite> <!-- Surefire suite -->
</testng-results>
